# JRE version: OpenJDK Runtime Environment (17.0.9) (build 17.0.9+0--11185874)
# Java VM: OpenJDK 64-Bit Server VM (17.0.9+0--11185874, mixed mode, tiered, compressed oops, compressed class ptrs, g1 gc, windows-amd64)
GC Precious Log:
 CPUs: 12 total, 12 available
 Memory: 15791M
 Large Page Support: Disabled
 NUMA Support: Disabled
 Compressed Oops: Enabled (32-bit)
 Heap Region Size: 1M
 Heap Min Capacity: 8M
 Heap Initial Capacity: 248M
 Heap Max Capacity: 2G
 Pre-touch: Disabled
 Parallel Workers: 10
 Concurrent Workers: 3
 Concurrent Refinement Workers: 10
 Periodic GC: Disabled
Heap:
 garbage-first heap   total 178176K, used 142812K [0x0000000080000000, 0x0000000100000000)
  region size 1024K, 44 young (45056K), 3 survivors (3072K)
 Metaspace       used 104813K, committed 105472K, reserved 1179648K
  class space    used 14344K, committed 14656K, reserved 1048576K
GC Heap History (20 events):
Event: 15.262 GC heap before
{Heap before GC invocations=21 (full 0):
 garbage-first heap   total 165888K, used 85822K [0x0000000080000000, 0x0000000100000000)
  region size 1024K, 9 young (9216K), 4 survivors (4096K)
 Metaspace       used 78457K, committed 79040K, reserved 1179648K
  class space    used 10363K, committed 10624K, reserved 1048576K
}
Event: 15.265 GC heap after
{Heap after GC invocations=22 (full 0):
 garbage-first heap   total 165888K, used 82122K [0x0000000080000000, 0x0000000100000000)
  region size 1024K, 4 young (4096K), 4 survivors (4096K)
 Metaspace       used 78457K, committed 79040K, reserved 1179648K
  class space    used 10363K, committed 10624K, reserved 1048576K
}
Event: 16.331 GC heap before
{Heap before GC invocations=23 (full 0):
 garbage-first heap   total 165888K, used 137418K [0x0000000080000000, 0x0000000100000000)
  region size 1024K, 57 young (58368K), 4 survivors (4096K)
 Metaspace       used 82718K, committed 83264K, reserved 1179648K
  class space    used 11143K, committed 11392K, reserved 1048576K
}
Event: 16.334 GC heap after
{Heap after GC invocations=24 (full 0):
 garbage-first heap   total 165888K, used 83511K [0x0000000080000000, 0x0000000100000000)
  region size 1024K, 6 young (6144K), 6 survivors (6144K)
 Metaspace       used 82718K, committed 83264K, reserved 1179648K
  class space    used 11143K, committed 11392K, reserved 1048576K
}
Event: 17.219 GC heap before
{Heap before GC invocations=24 (full 0):
 garbage-first heap   total 165888K, used 136759K [0x0000000080000000, 0x0000000100000000)
  region size 1024K, 58 young (59392K), 6 survivors (6144K)
 Metaspace       used 88166K, committed 88768K, reserved 1179648K
  class space    used 11913K, committed 12224K, reserved 1048576K
}
Event: 17.224 GC heap after
{Heap after GC invocations=25 (full 0):
 garbage-first heap   total 165888K, used 85559K [0x0000000080000000, 0x0000000100000000)
  region size 1024K, 5 young (5120K), 5 survivors (5120K)
 Metaspace       used 88166K, committed 88768K, reserved 1179648K
  class space    used 11913K, committed 12224K, reserved 1048576K
}
Event: 18.226 GC heap before
{Heap before GC invocations=26 (full 0):
 garbage-first heap   total 165888K, used 137783K [0x0000000080000000, 0x0000000100000000)
  region size 1024K, 56 young (57344K), 5 survivors (5120K)
 Metaspace       used 92111K, committed 92736K, reserved 1179648K
  class space    used 12497K, committed 12800K, reserved 1048576K
}
Event: 18.231 GC heap after
{Heap after GC invocations=27 (full 0):
 garbage-first heap   total 165888K, used 88851K [0x0000000080000000, 0x0000000100000000)
  region size 1024K, 6 young (6144K), 6 survivors (6144K)
 Metaspace       used 92111K, committed 92736K, reserved 1179648K
  class space    used 12497K, committed 12800K, reserved 1048576K
}
Event: 19.206 GC heap before
{Heap before GC invocations=27 (full 0):
 garbage-first heap   total 165888K, used 138003K [0x0000000080000000, 0x0000000100000000)
  region size 1024K, 54 young (55296K), 6 survivors (6144K)
 Metaspace       used 96763K, committed 97408K, reserved 1179648K
  class space    used 13173K, committed 13504K, reserved 1048576K
}
Event: 19.212 GC heap after
{Heap after GC invocations=28 (full 0):
 garbage-first heap   total 165888K, used 91671K [0x0000000080000000, 0x0000000100000000)
  region size 1024K, 6 young (6144K), 6 survivors (6144K)
 Metaspace       used 96763K, committed 97408K, reserved 1179648K
  class space    used 13173K, committed 13504K, reserved 1048576K
}
Event: 19.945 GC heap before
{Heap before GC invocations=29 (full 0):
 garbage-first heap   total 165888K, used 138775K [0x0000000080000000, 0x0000000100000000)
  region size 1024K, 53 young (54272K), 6 survivors (6144K)
 Metaspace       used 99705K, committed 100352K, reserved 1179648K
  class space    used 13527K, committed 13824K, reserved 1048576K
}
Event: 19.952 GC heap after
{Heap after GC invocations=30 (full 0):
 garbage-first heap   total 165888K, used 96831K [0x0000000080000000, 0x0000000100000000)
  region size 1024K, 7 young (7168K), 7 survivors (7168K)
 Metaspace       used 99705K, committed 100352K, reserved 1179648K
  class space    used 13527K, committed 13824K, reserved 1048576K
}
Event: 19.964 GC heap before
{Heap before GC invocations=30 (full 0):
 garbage-first heap   total 165888K, used 97855K [0x0000000080000000, 0x0000000100000000)
  region size 1024K, 9 young (9216K), 7 survivors (7168K)
 Metaspace       used 99743K, committed 100352K, reserved 1179648K
  class space    used 13530K, committed 13824K, reserved 1048576K
}
Event: 19.968 GC heap after
{Heap after GC invocations=31 (full 0):
 garbage-first heap   total 165888K, used 98427K [0x0000000080000000, 0x0000000100000000)
  region size 1024K, 2 young (2048K), 2 survivors (2048K)
 Metaspace       used 99743K, committed 100352K, reserved 1179648K
  class space    used 13530K, committed 13824K, reserved 1048576K
}
Event: 21.300 GC heap before
{Heap before GC invocations=32 (full 0):
 garbage-first heap   total 176128K, used 142459K [0x0000000080000000, 0x0000000100000000)
  region size 1024K, 41 young (41984K), 2 survivors (2048K)
 Metaspace       used 102868K, committed 103552K, reserved 1179648K
  class space    used 14042K, committed 14336K, reserved 1048576K
}
Event: 21.307 GC heap after
{Heap after GC invocations=33 (full 0):
 garbage-first heap   total 176128K, used 101238K [0x0000000080000000, 0x0000000100000000)
  region size 1024K, 5 young (5120K), 5 survivors (5120K)
 Metaspace       used 102868K, committed 103552K, reserved 1179648K
  class space    used 14042K, committed 14336K, reserved 1048576K
}
Event: 21.375 GC heap before
{Heap before GC invocations=33 (full 0):
 garbage-first heap   total 176128K, used 103286K [0x0000000080000000, 0x0000000100000000)
  region size 1024K, 8 young (8192K), 5 survivors (5120K)
 Metaspace       used 103203K, committed 103872K, reserved 1179648K
  class space    used 14139K, committed 14464K, reserved 1048576K
}
Event: 21.379 GC heap after
{Heap after GC invocations=34 (full 0):
 garbage-first heap   total 176128K, used 100831K [0x0000000080000000, 0x0000000100000000)
  region size 1024K, 1 young (1024K), 1 survivors (1024K)
 Metaspace       used 103203K, committed 103872K, reserved 1179648K
  class space    used 14139K, committed 14464K, reserved 1048576K
}
Event: 22.001 GC heap before
{Heap before GC invocations=34 (full 0):
 garbage-first heap   total 176128K, used 144863K [0x0000000080000000, 0x0000000100000000)
  region size 1024K, 45 young (46080K), 1 survivors (1024K)
 Metaspace       used 103830K, committed 104512K, reserved 1179648K
  class space    used 14223K, committed 14528K, reserved 1048576K
}
Event: 22.005 GC heap after
{Heap after GC invocations=35 (full 0):
 garbage-first heap   total 176128K, used 102876K [0x0000000080000000, 0x0000000100000000)
  region size 1024K, 3 young (3072K), 3 survivors (3072K)
 Metaspace       used 103830K, committed 104512K, reserved 1179648K
  class space    used 14223K, committed 14528K, reserved 1048576K
}

