# JRE version: OpenJDK Runtime Environment (17.0.9) (build 17.0.9+0--11185874)
# Java VM: OpenJDK 64-Bit Server VM (17.0.9+0--11185874, mixed mode, tiered, compressed oops, compressed class ptrs, g1 gc, windows-amd64)
GC Precious Log:
 CPUs: 12 total, 12 available
 Memory: 15791M
 Large Page Support: Disabled
 NUMA Support: Disabled
 Compressed Oops: Enabled (32-bit)
 Heap Region Size: 1M
 Heap Min Capacity: 8M
 Heap Initial Capacity: 248M
 Heap Max Capacity: 2G
 Pre-touch: Disabled
 Parallel Workers: 10
 Concurrent Workers: 3
 Concurrent Refinement Workers: 10
 Periodic GC: Disabled
Heap:
 garbage-first heap   total 172032K, used 95813K [0x0000000080000000, 0x0000000100000000)
  region size 1024K, 12 young (12288K), 3 survivors (3072K)
 Metaspace       used 94708K, committed 95360K, reserved 1179648K
  class space    used 12783K, committed 13056K, reserved 1048576K
GC Heap History (20 events):
Event: 16.564 GC heap before
{Heap before GC invocations=19 (full 0):
 garbage-first heap   total 143360K, used 70282K [0x0000000080000000, 0x0000000100000000)
  region size 1024K, 6 young (6144K), 5 survivors (5120K)
 Metaspace       used 72355K, committed 72896K, reserved 1114112K
  class space    used 9522K, committed 9792K, reserved 1048576K
}
Event: 16.567 GC heap after
{Heap after GC invocations=20 (full 0):
 garbage-first heap   total 143360K, used 69596K [0x0000000080000000, 0x0000000100000000)
  region size 1024K, 0 young (0K), 0 survivors (0K)
 Metaspace       used 72355K, committed 72896K, reserved 1114112K
  class space    used 9522K, committed 9792K, reserved 1048576K
}
Event: 17.293 GC heap before
{Heap before GC invocations=21 (full 0):
 garbage-first heap   total 143360K, used 118748K [0x0000000080000000, 0x0000000100000000)
  region size 1024K, 44 young (45056K), 0 survivors (0K)
 Metaspace       used 75087K, committed 75648K, reserved 1179648K
  class space    used 9905K, committed 10176K, reserved 1048576K
}
Event: 17.296 GC heap after
{Heap after GC invocations=22 (full 0):
 garbage-first heap   total 143360K, used 73839K [0x0000000080000000, 0x0000000100000000)
  region size 1024K, 4 young (4096K), 4 survivors (4096K)
 Metaspace       used 75087K, committed 75648K, reserved 1179648K
  class space    used 9905K, committed 10176K, reserved 1048576K
}
Event: 18.216 GC heap before
{Heap before GC invocations=22 (full 0):
 garbage-first heap   total 143360K, used 115823K [0x0000000080000000, 0x0000000100000000)
  region size 1024K, 45 young (46080K), 4 survivors (4096K)
 Metaspace       used 79403K, committed 80000K, reserved 1179648K
  class space    used 10466K, committed 10752K, reserved 1048576K
}
Event: 18.220 GC heap after
{Heap after GC invocations=23 (full 0):
 garbage-first heap   total 143360K, used 76458K [0x0000000080000000, 0x0000000100000000)
  region size 1024K, 3 young (3072K), 3 survivors (3072K)
 Metaspace       used 79403K, committed 80000K, reserved 1179648K
  class space    used 10466K, committed 10752K, reserved 1048576K
}
Event: 18.295 GC heap before
{Heap before GC invocations=24 (full 0):
 garbage-first heap   total 143360K, used 79530K [0x0000000080000000, 0x0000000100000000)
  region size 1024K, 8 young (8192K), 3 survivors (3072K)
 Metaspace       used 79682K, committed 80256K, reserved 1179648K
  class space    used 10510K, committed 10752K, reserved 1048576K
}
Event: 18.297 GC heap after
{Heap after GC invocations=25 (full 0):
 garbage-first heap   total 143360K, used 75585K [0x0000000080000000, 0x0000000100000000)
  region size 1024K, 3 young (3072K), 3 survivors (3072K)
 Metaspace       used 79682K, committed 80256K, reserved 1179648K
  class space    used 10510K, committed 10752K, reserved 1048576K
}
Event: 18.918 GC heap before
{Heap before GC invocations=26 (full 0):
 garbage-first heap   total 143360K, used 120641K [0x0000000080000000, 0x0000000100000000)
  region size 1024K, 45 young (46080K), 3 survivors (3072K)
 Metaspace       used 81024K, committed 81536K, reserved 1179648K
  class space    used 10687K, committed 10944K, reserved 1048576K
}
Event: 18.922 GC heap after
{Heap after GC invocations=27 (full 0):
 garbage-first heap   total 143360K, used 81098K [0x0000000080000000, 0x0000000100000000)
  region size 1024K, 6 young (6144K), 6 survivors (6144K)
 Metaspace       used 81024K, committed 81536K, reserved 1179648K
  class space    used 10687K, committed 10944K, reserved 1048576K
}
Event: 18.930 GC heap before
{Heap before GC invocations=27 (full 0):
 garbage-first heap   total 143360K, used 82122K [0x0000000080000000, 0x0000000100000000)
  region size 1024K, 7 young (7168K), 6 survivors (6144K)
 Metaspace       used 81024K, committed 81536K, reserved 1179648K
  class space    used 10687K, committed 10944K, reserved 1048576K
}
Event: 18.934 GC heap after
{Heap after GC invocations=28 (full 0):
 garbage-first heap   total 172032K, used 80820K [0x0000000080000000, 0x0000000100000000)
  region size 1024K, 1 young (1024K), 1 survivors (1024K)
 Metaspace       used 81024K, committed 81536K, reserved 1179648K
  class space    used 10687K, committed 10944K, reserved 1048576K
}
Event: 19.831 GC heap before
{Heap before GC invocations=28 (full 0):
 garbage-first heap   total 172032K, used 136116K [0x0000000080000000, 0x0000000100000000)
  region size 1024K, 55 young (56320K), 1 survivors (1024K)
 Metaspace       used 84034K, committed 84608K, reserved 1179648K
  class space    used 11090K, committed 11392K, reserved 1048576K
}
Event: 19.834 GC heap after
{Heap after GC invocations=29 (full 0):
 garbage-first heap   total 172032K, used 83893K [0x0000000080000000, 0x0000000100000000)
  region size 1024K, 4 young (4096K), 4 survivors (4096K)
 Metaspace       used 84034K, committed 84608K, reserved 1179648K
  class space    used 11090K, committed 11392K, reserved 1048576K
}
Event: 20.990 GC heap before
{Heap before GC invocations=30 (full 0):
 garbage-first heap   total 172032K, used 138165K [0x0000000080000000, 0x0000000100000000)
  region size 1024K, 57 young (58368K), 4 survivors (4096K)
 Metaspace       used 88271K, committed 88896K, reserved 1179648K
  class space    used 11864K, committed 12160K, reserved 1048576K
}
Event: 20.994 GC heap after
{Heap after GC invocations=31 (full 0):
 garbage-first heap   total 172032K, used 85717K [0x0000000080000000, 0x0000000100000000)
  region size 1024K, 5 young (5120K), 5 survivors (5120K)
 Metaspace       used 88271K, committed 88896K, reserved 1179648K
  class space    used 11864K, committed 12160K, reserved 1048576K
}
Event: 21.061 GC heap before
{Heap before GC invocations=31 (full 0):
 garbage-first heap   total 172032K, used 88789K [0x0000000080000000, 0x0000000100000000)
  region size 1024K, 8 young (8192K), 5 survivors (5120K)
 Metaspace       used 88505K, committed 89088K, reserved 1179648K
  class space    used 11890K, committed 12160K, reserved 1048576K
}
Event: 21.065 GC heap after
{Heap after GC invocations=32 (full 0):
 garbage-first heap   total 172032K, used 86036K [0x0000000080000000, 0x0000000100000000)
  region size 1024K, 1 young (1024K), 1 survivors (1024K)
 Metaspace       used 88505K, committed 89088K, reserved 1179648K
  class space    used 11890K, committed 12160K, reserved 1048576K
}
Event: 22.366 GC heap before
{Heap before GC invocations=32 (full 0):
 garbage-first heap   total 172032K, used 141332K [0x0000000080000000, 0x0000000100000000)
  region size 1024K, 55 young (56320K), 1 survivors (1024K)
 Metaspace       used 94140K, committed 94784K, reserved 1179648K
  class space    used 12690K, committed 12992K, reserved 1048576K
}
Event: 22.370 GC heap after
{Heap after GC invocations=33 (full 0):
 garbage-first heap   total 172032K, used 87621K [0x0000000080000000, 0x0000000100000000)
  region size 1024K, 3 young (3072K), 3 survivors (3072K)
 Metaspace       used 94140K, committed 94784K, reserved 1179648K
  class space    used 12690K, committed 12992K, reserved 1048576K
}

