# JRE version: OpenJDK Runtime Environment (17.0.9) (build 17.0.9+0--11185874)
# Java VM: OpenJDK 64-Bit Server VM (17.0.9+0--11185874, mixed mode, tiered, compressed oops, compressed class ptrs, g1 gc, windows-amd64)
GC Precious Log:
 CPUs: 12 total, 12 available
 Memory: 15791M
 Large Page Support: Disabled
 NUMA Support: Disabled
 Compressed Oops: Enabled (32-bit)
 Heap Region Size: 1M
 Heap Min Capacity: 8M
 Heap Initial Capacity: 248M
 Heap Max Capacity: 2G
 Pre-touch: Disabled
 Parallel Workers: 10
 Concurrent Workers: 3
 Concurrent Refinement Workers: 10
 Periodic GC: Disabled
Heap:
 garbage-first heap   total 275456K, used 165957K [0x0000000080000000, 0x0000000100000000)
  region size 1024K, 9 young (9216K), 5 survivors (5120K)
 Metaspace       used 141977K, committed 142912K, reserved 1179648K
  class space    used 19776K, committed 20224K, reserved 1048576K
GC Heap History (20 events):
Event: 25.313 GC heap after
{Heap after GC invocations=35 (full 0):
 garbage-first heap   total 256000K, used 120164K [0x0000000080000000, 0x0000000100000000)
  region size 1024K, 5 young (5120K), 5 survivors (5120K)
 Metaspace       used 114631K, committed 115392K, reserved 1179648K
  class space    used 15624K, committed 16000K, reserved 1048576K
}
Event: 27.320 GC heap before
{Heap before GC invocations=35 (full 0):
 garbage-first heap   total 256000K, used 208228K [0x0000000080000000, 0x0000000100000000)
  region size 1024K, 92 young (94208K), 5 survivors (5120K)
 Metaspace       used 120366K, committed 121152K, reserved 1179648K
  class space    used 16241K, committed 16576K, reserved 1048576K
}
Event: 27.325 GC heap after
{Heap after GC invocations=36 (full 0):
 garbage-first heap   total 256000K, used 122251K [0x0000000080000000, 0x0000000100000000)
  region size 1024K, 7 young (7168K), 7 survivors (7168K)
 Metaspace       used 120366K, committed 121152K, reserved 1179648K
  class space    used 16241K, committed 16576K, reserved 1048576K
}
Event: 40.292 GC heap before
{Heap before GC invocations=36 (full 0):
 garbage-first heap   total 256000K, used 212363K [0x0000000080000000, 0x0000000100000000)
  region size 1024K, 95 young (97280K), 7 survivors (7168K)
 Metaspace       used 121194K, committed 121984K, reserved 1179648K
  class space    used 16276K, committed 16640K, reserved 1048576K
}
Event: 40.303 GC heap after
{Heap after GC invocations=37 (full 0):
 garbage-first heap   total 256000K, used 132915K [0x0000000080000000, 0x0000000100000000)
  region size 1024K, 12 young (12288K), 12 survivors (12288K)
 Metaspace       used 121194K, committed 121984K, reserved 1179648K
  class space    used 16276K, committed 16640K, reserved 1048576K
}
Event: 49.586 GC heap before
{Heap before GC invocations=37 (full 0):
 garbage-first heap   total 256000K, used 209715K [0x0000000080000000, 0x0000000100000000)
  region size 1024K, 88 young (90112K), 12 survivors (12288K)
 Metaspace       used 122739K, committed 123584K, reserved 1179648K
  class space    used 16477K, committed 16896K, reserved 1048576K
}
Event: 49.594 GC heap after
{Heap after GC invocations=38 (full 0):
 garbage-first heap   total 256000K, used 137644K [0x0000000080000000, 0x0000000100000000)
  region size 1024K, 5 young (5120K), 5 survivors (5120K)
 Metaspace       used 122739K, committed 123584K, reserved 1179648K
  class space    used 16477K, committed 16896K, reserved 1048576K
}
Event: 57.499 GC heap before
{Heap before GC invocations=38 (full 0):
 garbage-first heap   total 256000K, used 211372K [0x0000000080000000, 0x0000000100000000)
  region size 1024K, 78 young (79872K), 5 survivors (5120K)
 Metaspace       used 123814K, committed 124672K, reserved 1179648K
  class space    used 16624K, committed 17024K, reserved 1048576K
}
Event: 57.508 GC heap after
{Heap after GC invocations=39 (full 0):
 garbage-first heap   total 256000K, used 146012K [0x0000000080000000, 0x0000000100000000)
  region size 1024K, 10 young (10240K), 10 survivors (10240K)
 Metaspace       used 123814K, committed 124672K, reserved 1179648K
  class space    used 16624K, committed 17024K, reserved 1048576K
}
Event: 57.806 GC heap before
{Heap before GC invocations=40 (full 0):
 garbage-first heap   total 275456K, used 210524K [0x0000000080000000, 0x0000000100000000)
  region size 1024K, 74 young (75776K), 10 survivors (10240K)
 Metaspace       used 123902K, committed 124672K, reserved 1179648K
  class space    used 16642K, committed 17024K, reserved 1048576K
}
Event: 57.813 GC heap after
{Heap after GC invocations=41 (full 0):
 garbage-first heap   total 275456K, used 149405K [0x0000000080000000, 0x0000000100000000)
  region size 1024K, 4 young (4096K), 4 survivors (4096K)
 Metaspace       used 123902K, committed 124672K, reserved 1179648K
  class space    used 16642K, committed 17024K, reserved 1048576K
}
Event: 57.905 GC heap before
{Heap before GC invocations=41 (full 0):
 garbage-first heap   total 275456K, used 157597K [0x0000000080000000, 0x0000000100000000)
  region size 1024K, 13 young (13312K), 4 survivors (4096K)
 Metaspace       used 123911K, committed 124736K, reserved 1179648K
  class space    used 16642K, committed 17024K, reserved 1048576K
}
Event: 57.910 GC heap after
{Heap after GC invocations=42 (full 0):
 garbage-first heap   total 275456K, used 147375K [0x0000000080000000, 0x0000000100000000)
  region size 1024K, 1 young (1024K), 1 survivors (1024K)
 Metaspace       used 123911K, committed 124736K, reserved 1179648K
  class space    used 16642K, committed 17024K, reserved 1048576K
}
Event: 60.130 GC heap before
{Heap before GC invocations=42 (full 0):
 garbage-first heap   total 275456K, used 230319K [0x0000000080000000, 0x0000000100000000)
  region size 1024K, 81 young (82944K), 1 survivors (1024K)
 Metaspace       used 125081K, committed 125952K, reserved 1179648K
  class space    used 16798K, committed 17216K, reserved 1048576K
}
Event: 60.135 GC heap after
{Heap after GC invocations=43 (full 0):
 garbage-first heap   total 275456K, used 156328K [0x0000000080000000, 0x0000000100000000)
  region size 1024K, 8 young (8192K), 8 survivors (8192K)
 Metaspace       used 125081K, committed 125952K, reserved 1179648K
  class space    used 16798K, committed 17216K, reserved 1048576K
}
Event: 60.987 GC heap before
{Heap before GC invocations=43 (full 0):
 garbage-first heap   total 275456K, used 228008K [0x0000000080000000, 0x0000000100000000)
  region size 1024K, 79 young (80896K), 8 survivors (8192K)
 Metaspace       used 130909K, committed 131776K, reserved 1179648K
  class space    used 17737K, committed 18176K, reserved 1048576K
}
Event: 60.992 GC heap after
{Heap after GC invocations=44 (full 0):
 garbage-first heap   total 275456K, used 159182K [0x0000000080000000, 0x0000000100000000)
  region size 1024K, 4 young (4096K), 4 survivors (4096K)
 Metaspace       used 130909K, committed 131776K, reserved 1179648K
  class space    used 17737K, committed 18176K, reserved 1048576K
}
Event: 61.694 GC heap before
{Heap before GC invocations=44 (full 0):
 garbage-first heap   total 275456K, used 228814K [0x0000000080000000, 0x0000000100000000)
  region size 1024K, 73 young (74752K), 4 survivors (4096K)
 Metaspace       used 139349K, committed 140288K, reserved 1179648K
  class space    used 19299K, committed 19712K, reserved 1048576K
}
Event: 61.698 GC heap after
{Heap after GC invocations=45 (full 0):
 garbage-first heap   total 275456K, used 161726K [0x0000000080000000, 0x0000000100000000)
  region size 1024K, 6 young (6144K), 6 survivors (6144K)
 Metaspace       used 139349K, committed 140288K, reserved 1179648K
  class space    used 19299K, committed 19712K, reserved 1048576K
}
Event: 62.035 GC heap before
{Heap before GC invocations=45 (full 0):
 garbage-first heap   total 275456K, used 231358K [0x0000000080000000, 0x0000000100000000)
  region size 1024K, 75 young (76800K), 6 survivors (6144K)
 Metaspace       used 141712K, committed 142656K, reserved 1179648K
  class space    used 19729K, committed 20160K, reserved 1048576K
}

